<?xml version="1.0" encoding="UTF-8"?>
<!-- Generated by org.testng.reporters.JUnitReportReporter -->
<testsuite hostname="VIJAY" failures="0" tests="3" name="com.app.TDD.demo.TestPracticeSearch" time="0.039" errors="0" timestamp="2023-10-12T12:52:05 IST" skipped="0">
  <testcase classname="com.app.TDD.demo.TestPracticeSearch" name="findpopulation" time="0.020"/>
  <system-out/>
  <testcase classname="com.app.TDD.demo.TestPracticeSearch" name="findpracticeEmptyInput" time="0.011"/>
  <system-out/>
  <testcase classname="com.app.TDD.demo.TestPracticeSearch" name="findpracticeInvalidInput" time="0.008"/>
  <system-out/>
</testsuite> <!-- com.app.TDD.demo.TestPracticeSearch -->
