<?xml version="1.0" encoding="UTF-8"?>
<!-- Generated by org.testng.reporters.JUnitReportReporter -->
<testsuite hostname="VIJAY" failures="0" tests="1" name="com.app.TDD.demo.TestUsernamefeature" time="0.008" errors="0" timestamp="2023-10-12T11:20:06 IST" skipped="0">
  <testcase classname="com.app.TDD.demo.TestUsernamefeature" name="UsernameTest" time="0.008"/>
  <system-out/>
</testsuite> <!-- com.app.TDD.demo.TestUsernamefeature -->
